<?xml version="1.0" encoding="UTF-8"?>
<!-- Generated by org.testng.reporters.JUnitXMLReporter -->
<testsuite ignored="0" hostname="THANGAPRATHAPKUMAR-MacBook-Air.local" failures="0" tests="3" name="Default test" time="9.639" errors="0" timestamp="2025-03-19T11:36:17 IST">
  <testcase classname="com.qa.opencart.test.LoginPageTest" name="navigationTest" time="0.458"/>
  <testcase classname="com.qa.opencart.test.LoginPageTest" name="forgotPasswordLinkExist" time="0.008"/>
  <testcase classname="com.qa.opencart.test.LoginPageTest" name="appLoginTest" time="2.797"/>
</testsuite> <!-- Default test -->
