<?xml version="1.0" encoding="UTF-8"?>
<!-- Generated by org.testng.reporters.JUnitXMLReporter -->
<testsuite ignored="0" hostname="THANGAPRATHAPKUMAR-MacBook-Air.local" failures="0" tests="5" name="Test" time="9.907" errors="0" timestamp="2025-03-16T12:17:44 IST">
  <testcase classname="com.qa.opencart.test.HomePageTest" name="homePageTitleTest" time="0.01"/>
  <testcase classname="com.qa.opencart.test.HomePageTest" name="homePageTitleURL" time="0.001"/>
  <testcase classname="com.qa.opencart.test.HomePageTest" name="searchTest" time="0.465"/>
  <testcase classname="com.qa.opencart.test.HomePageTest" name="searchTest" time="0.418"/>
  <testcase classname="com.qa.opencart.test.HomePageTest" name="searchTest" time="0.477"/>
</testsuite> <!-- Test -->
