<?xml version="1.0" encoding="UTF-8"?>
<testng-results ignored="0" total="8" passed="8" failed="0" skipped="0">
  <reporter-output>
  </reporter-output>
  <suite started-at="2025-03-23T22:35:10 IST" name="Open cart Test Regression" finished-at="2025-03-23T22:35:22 IST" duration-ms="11549">
    <groups>
    </groups>
    <test started-at="2025-03-23T22:35:10 IST" name="Open cart Home Page Test" finished-at="2025-03-23T22:35:17 IST" duration-ms="7349">
      <class name="com.qa.opencart.test.HomePageTest">
        <test-method is-config="true" signature="setup()[pri:0, instance:com.qa.opencart.test.HomePageTest@37d4349f]" started-at="2025-03-23T22:35:10 IST" name="setup" finished-at="2025-03-23T22:35:15 IST" duration-ms="5492" status="PASS">
          <reporter-output>
          </reporter-output>
        </test-method> <!-- setup -->
        <test-method signature="homePageTitleTest()[pri:0, instance:com.qa.opencart.test.HomePageTest@37d4349f]" started-at="2025-03-23T22:35:15 IST" name="homePageTitleTest" finished-at="2025-03-23T22:35:15 IST" duration-ms="14" status="PASS">
          <reporter-output>
          </reporter-output>
        </test-method> <!-- homePageTitleTest -->
        <test-method signature="homePageTitleURL()[pri:0, instance:com.qa.opencart.test.HomePageTest@37d4349f]" started-at="2025-03-23T22:35:16 IST" name="homePageTitleURL" finished-at="2025-03-23T22:35:16 IST" duration-ms="1" status="PASS">
          <reporter-output>
          </reporter-output>
        </test-method> <!-- homePageTitleURL -->
        <test-method signature="searchTest(java.lang.String)[pri:0, instance:com.qa.opencart.test.HomePageTest@37d4349f]" started-at="2025-03-23T22:35:16 IST" name="searchTest" data-provider="getProductData" finished-at="2025-03-23T22:35:16 IST" duration-ms="455" status="PASS">
          <params>
            <param index="0">
              <value>
                <![CDATA[Macbook]]>
              </value>
            </param>
          </params>
          <reporter-output>
          </reporter-output>
        </test-method> <!-- searchTest -->
        <test-method signature="searchTest(java.lang.String)[pri:0, instance:com.qa.opencart.test.HomePageTest@37d4349f]" started-at="2025-03-23T22:35:16 IST" name="searchTest" data-provider="getProductData" finished-at="2025-03-23T22:35:17 IST" duration-ms="426" status="PASS">
          <params>
            <param index="0">
              <value>
                <![CDATA[iMac]]>
              </value>
            </param>
          </params>
          <reporter-output>
          </reporter-output>
        </test-method> <!-- searchTest -->
        <test-method signature="searchTest(java.lang.String)[pri:0, instance:com.qa.opencart.test.HomePageTest@37d4349f]" started-at="2025-03-23T22:35:17 IST" name="searchTest" data-provider="getProductData" finished-at="2025-03-23T22:35:17 IST" duration-ms="410" status="PASS">
          <params>
            <param index="0">
              <value>
                <![CDATA[Samsung]]>
              </value>
            </param>
          </params>
          <reporter-output>
          </reporter-output>
        </test-method> <!-- searchTest -->
        <test-method is-config="true" signature="tearDown()[pri:0, instance:com.qa.opencart.test.HomePageTest@37d4349f]" started-at="2025-03-23T22:35:17 IST" name="tearDown" finished-at="2025-03-23T22:35:17 IST" duration-ms="43" status="PASS">
          <reporter-output>
          </reporter-output>
        </test-method> <!-- tearDown -->
      </class> <!-- com.qa.opencart.test.HomePageTest -->
    </test> <!-- Open cart Home Page Test -->
    <test started-at="2025-03-23T22:35:10 IST" name="Open cart Login Page Test" finished-at="2025-03-23T22:35:22 IST" duration-ms="11549">
      <class name="com.qa.opencart.test.LoginPageTest">
        <test-method is-config="true" signature="setup()[pri:0, instance:com.qa.opencart.test.LoginPageTest@1ed6388a]" started-at="2025-03-23T22:35:10 IST" name="setup" finished-at="2025-03-23T22:35:18 IST" duration-ms="8027" status="PASS">
          <reporter-output>
          </reporter-output>
        </test-method> <!-- setup -->
        <test-method signature="navigationTest()[pri:1, instance:com.qa.opencart.test.LoginPageTest@1ed6388a]" started-at="2025-03-23T22:35:18 IST" name="navigationTest" finished-at="2025-03-23T22:35:18 IST" duration-ms="481" status="PASS">
          <reporter-output>
          </reporter-output>
        </test-method> <!-- navigationTest -->
        <test-method signature="forgotPasswordLinkExist()[pri:2, instance:com.qa.opencart.test.LoginPageTest@1ed6388a]" started-at="2025-03-23T22:35:19 IST" name="forgotPasswordLinkExist" finished-at="2025-03-23T22:35:19 IST" duration-ms="3" status="PASS">
          <reporter-output>
          </reporter-output>
        </test-method> <!-- forgotPasswordLinkExist -->
        <test-method signature="appLoginTest()[pri:3, instance:com.qa.opencart.test.LoginPageTest@1ed6388a]" started-at="2025-03-23T22:35:19 IST" name="appLoginTest" finished-at="2025-03-23T22:35:21 IST" duration-ms="2755" status="PASS">
          <reporter-output>
          </reporter-output>
        </test-method> <!-- appLoginTest -->
        <test-method is-config="true" signature="tearDown()[pri:0, instance:com.qa.opencart.test.LoginPageTest@1ed6388a]" started-at="2025-03-23T22:35:21 IST" name="tearDown" finished-at="2025-03-23T22:35:22 IST" duration-ms="40" status="PASS">
          <reporter-output>
          </reporter-output>
        </test-method> <!-- tearDown -->
      </class> <!-- com.qa.opencart.test.LoginPageTest -->
    </test> <!-- Open cart Login Page Test -->
  </suite> <!-- Open cart Test Regression -->
</testng-results>
