<?xml version="1.0" encoding="UTF-8"?>
<!-- Generated by org.testng.reporters.JUnitXMLReporter -->
<testsuite ignored="0" hostname="THANGAPRATHAPKUMAR-MacBook-Air.local" failures="0" tests="5" name="Open cart Home Page Test" time="7.349" errors="0" timestamp="2025-03-23T22:35:17 IST">
  <testcase classname="com.qa.opencart.test.HomePageTest" name="homePageTitleTest" time="0.014"/>
  <testcase classname="com.qa.opencart.test.HomePageTest" name="homePageTitleURL" time="0.001"/>
  <testcase classname="com.qa.opencart.test.HomePageTest" name="searchTest" time="0.455"/>
  <testcase classname="com.qa.opencart.test.HomePageTest" name="searchTest" time="0.426"/>
  <testcase classname="com.qa.opencart.test.HomePageTest" name="searchTest" time="0.41"/>
</testsuite> <!-- Open cart Home Page Test -->
