<?xml version="1.0" encoding="UTF-8"?>
<!-- Generated by org.testng.reporters.JUnitXMLReporter -->
<testsuite ignored="0" hostname="THANGAPRATHAPKUMAR-MacBook-Air.local" failures="0" tests="3" name="Open cart Login Page Test" time="9.218" errors="0" timestamp="2025-03-22T21:00:40 IST">
  <testcase classname="com.qa.opencart.test.LoginPageTest" name="navigationTest" time="0.547"/>
  <testcase classname="com.qa.opencart.test.LoginPageTest" name="forgotPasswordLinkExist" time="0.066"/>
  <testcase classname="com.qa.opencart.test.LoginPageTest" name="appLoginTest" time="2.733"/>
</testsuite> <!-- Open cart Login Page Test -->
