<?xml version="1.0" encoding="UTF-8"?>
<!-- Generated by org.testng.reporters.JUnitXMLReporter -->
<testsuite ignored="0" hostname="THANGAPRATHAPKUMAR-MacBook-Air.local" failures="0" tests="5" name="Open cart Home Page Test" time="7.367" errors="0" timestamp="2025-03-22T21:00:38 IST">
  <testcase classname="com.qa.opencart.test.HomePageTest" name="homePageTitleTest" time="0.014"/>
  <testcase classname="com.qa.opencart.test.HomePageTest" name="homePageTitleURL" time="0.001"/>
  <testcase classname="com.qa.opencart.test.HomePageTest" name="searchTest" time="0.532"/>
  <testcase classname="com.qa.opencart.test.HomePageTest" name="searchTest" time="0.458"/>
  <testcase classname="com.qa.opencart.test.HomePageTest" name="searchTest" time="0.406"/>
</testsuite> <!-- Open cart Home Page Test -->
