<?xml version="1.0" encoding="UTF-8"?>
<!-- Generated by org.testng.reporters.JUnitXMLReporter -->
<testsuite ignored="0" hostname="THANGAPRATHAPKUMAR-MacBook-Air.local" failures="0" tests="3" name="Open cart Login Page Test" time="11.549" errors="0" timestamp="2025-03-23T22:35:22 IST">
  <testcase classname="com.qa.opencart.test.LoginPageTest" name="navigationTest" time="0.481"/>
  <testcase classname="com.qa.opencart.test.LoginPageTest" name="forgotPasswordLinkExist" time="0.003"/>
  <testcase classname="com.qa.opencart.test.LoginPageTest" name="appLoginTest" time="2.755"/>
</testsuite> <!-- Open cart Login Page Test -->
